<?xml version="1.0" encoding="UTF-8"?>
<!-- Generated by org.testng.reporters.JUnitReportReporter -->
<testsuite skipped="0" hostname="Ankurs-MBP.JYH" name="com.StepDef.CrowdStreet" tests="1" failures="0" timestamp="2021-04-22T14:31:52 EDT" time="5.280" errors="0">
  <testcase name="i_am_on_the_CrowdStreet_Website" time="5.280" classname="com.StepDef.CrowdStreet"/>
  <system-out/>
</testsuite> <!-- com.StepDef.CrowdStreet -->
