<?xml version="1.0" encoding="UTF-8"?>
<!-- Generated by org.testng.reporters.JUnitReportReporter -->
<testsuite skipped="0" hostname="Ankurs-MBP.JYH" name="com.StepDef.RCNLogin" tests="1" failures="0" timestamp="2021-04-17T19:42:33 EDT" time="2.923" errors="0">
  <testcase name="i_am_on_rcn_login_page" time="2.923" classname="com.StepDef.RCNLogin"/>
  <system-out/>
</testsuite> <!-- com.StepDef.RCNLogin -->
