<?xml version="1.0" encoding="UTF-8"?>
<!-- Generated by org.testng.reporters.JUnitReportReporter -->
<testsuite skipped="0" hostname="Ankurs-MBP.JYH" name="com.TestRunner.TestRunner" tests="1" failures="0" timestamp="2021-04-17T19:08:04 EDT" time="7.962" errors="0">
  <testcase name="feature" time="7.962" classname="com.TestRunner.TestRunner"/>
  <system-out/>
</testsuite> <!-- com.TestRunner.TestRunner -->
