<?xml version="1.0" encoding="UTF-8"?>
<!-- Generated by org.testng.reporters.JUnitReportReporter -->
<testsuite skipped="0" hostname="Ankurs-MBP.JYH" name="com.StepDef.ValidFormFill" tests="2" failures="0" timestamp="2021-04-01T14:45:11 EDT" time="2.801" errors="0">
  <testcase name="i_start_to_fill_out_the_form" time="0.151" classname="com.StepDef.ValidFormFill"/>
  <system-out/>
  <testcase name="i_am_on_the_Test_QA_Form_Page" time="2.650" classname="com.StepDef.ValidFormFill"/>
  <system-out/>
</testsuite> <!-- com.StepDef.ValidFormFill -->
