<?xml version="1.0" encoding="UTF-8"?>
<!-- Generated by org.testng.reporters.JUnitReportReporter -->
<testsuite skipped="0" hostname="Ankurs-MBP.JYH" name="com.StepDef.EmptyForm" tests="1" failures="0" timestamp="2021-04-04T16:21:44 EDT" time="3.629" errors="0">
  <testcase name="i_scroll_down_to_submit_button" time="3.629" classname="com.StepDef.EmptyForm"/>
  <system-out/>
</testsuite> <!-- com.StepDef.EmptyForm -->
