<?xml version="1.0" encoding="UTF-8"?>
<!-- Generated by org.testng.reporters.JUnitReportReporter -->
<testsuite skipped="0" hostname="Ankurs-MBP.JYH" name="com.StepDef.EmptyForm" tests="3" failures="0" timestamp="2021-04-17T18:27:09 EDT" time="3.154" errors="0">
  <testcase name="i_click_submit" time="0.065" classname="com.StepDef.EmptyForm"/>
  <system-out/>
  <testcase name="i_get_all_red_box" time="0.035" classname="com.StepDef.EmptyForm"/>
  <system-out/>
  <testcase name="i_am_on_the_form_Page" time="3.054" classname="com.StepDef.EmptyForm"/>
  <system-out/>
</testsuite> <!-- com.StepDef.EmptyForm -->
